2025-04-30 15:34:51 Loading main app package /usr/lib/obsidian/obsidian.asar
2025-04-30 15:34:51 Checking for update using Github
2025-04-30 15:35:07 Loading main app package /usr/lib/obsidian/obsidian.asar
2025-04-30 15:35:07 Checking for update using Github
2025-04-30 15:35:13 Success.
2025-04-30 15:35:13 Latest version is 1.8.10
2025-04-30 15:35:13 App is up to date.
2025-04-30 15:48:31 Loading main app package /usr/lib/obsidian/obsidian.asar
2025-04-30 15:48:31 Checking for update using Github
2025-04-30 15:48:37 Success.
2025-04-30 15:48:37 Latest version is 1.8.10
2025-04-30 15:48:37 App is up to date.
2025-04-30 15:49:24 Loading main app package /usr/lib/obsidian/obsidian.asar
2025-04-30 15:49:24 Checking for update using Github
2025-04-30 15:49:24 Success.
2025-04-30 15:49:24 Latest version is 1.8.10
2025-04-30 15:49:24 App is up to date.
2025-04-30 15:49:36 Loading main app package /usr/lib/obsidian/obsidian.asar
2025-04-30 15:49:36 Checking for update using Github
2025-04-30 15:49:36 Success.
2025-04-30 15:49:36 Latest version is 1.8.10
2025-04-30 15:49:36 App is up to date.
2025-04-30 15:49:52 Loading main app package /usr/lib/obsidian/obsidian.asar
2025-04-30 15:49:52 Checking for update using Github
2025-04-30 15:49:52 Success.
2025-04-30 15:49:52 Latest version is 1.8.10
2025-04-30 15:49:52 App is up to date.
2025-04-30 15:51:02 Loading main app package /usr/lib/obsidian/obsidian.asar
2025-04-30 15:51:02 Checking for update using Github
2025-04-30 15:51:02 Success.
2025-04-30 15:51:02 Latest version is 1.8.10
2025-04-30 15:51:02 App is up to date.
2025-04-30 15:51:38 Loading main app package /usr/lib/obsidian/obsidian.asar
2025-04-30 15:51:38 Checking for update using Github
2025-04-30 15:51:39 Success.
2025-04-30 15:51:39 Latest version is 1.8.10
2025-04-30 15:51:39 App is up to date.
2025-04-30 15:52:26 Loading main app package /usr/lib/obsidian/obsidian.asar
2025-04-30 15:52:27 Checking for update using Github
2025-04-30 15:52:27 Success.
2025-04-30 15:52:27 Latest version is 1.8.10
2025-04-30 15:52:27 App is up to date.
2025-04-30 15:54:19 Loading main app package /usr/lib/obsidian/obsidian.asar
2025-04-30 15:54:19 Checking for update using Github
2025-04-30 15:54:24 Success.
2025-04-30 15:54:24 Latest version is 1.8.10
2025-04-30 15:54:24 App is up to date.
2025-04-30 15:54:29 Loading main app package /usr/lib/obsidian/obsidian.asar
2025-04-30 15:54:29 Checking for update using Github
2025-04-30 15:54:29 Success.
2025-04-30 15:54:29 Latest version is 1.8.10
2025-04-30 15:54:29 App is up to date.
2025-04-30 16:54:29 Checking for update using Github
2025-04-30 16:54:34 Success.
2025-04-30 16:54:34 Latest version is 1.8.10
2025-04-30 16:54:34 App is up to date.
2025-04-30 17:54:29 Checking for update using Github
2025-04-30 17:54:34 Success.
2025-04-30 17:54:34 Latest version is 1.8.10
2025-04-30 17:54:34 App is up to date.
2025-05-01 04:45:26 Loading main app package /usr/lib/obsidian/obsidian.asar
2025-05-01 04:45:33 Checking for update using Github
2025-05-01 04:45:40 Success.
2025-05-01 04:45:40 Latest version is 1.8.10
2025-05-01 04:45:40 App is up to date.
2025-05-01 05:45:26 Checking for update using Github
2025-05-01 05:45:31 Success.
2025-05-01 05:45:31 Latest version is 1.8.10
2025-05-01 05:45:31 App is up to date.
2025-05-01 06:45:26 Checking for update using Github
2025-05-01 06:45:31 Success.
2025-05-01 06:45:31 Latest version is 1.8.10
2025-05-01 06:45:31 App is up to date.
2025-05-01 07:45:26 Checking for update using Github
2025-05-01 07:45:31 Success.
2025-05-01 07:45:31 Latest version is 1.8.10
2025-05-01 07:45:31 App is up to date.
2025-05-01 16:02:31 Loading main app package /usr/lib/obsidian/obsidian.asar
2025-05-01 16:02:34 Checking for update using Github
2025-05-01 16:02:40 Success.
2025-05-01 16:02:40 Latest version is 1.8.10
2025-05-01 16:02:40 App is up to date.
2025-05-01 17:02:31 Checking for update using Github
2025-05-01 17:02:36 Success.
2025-05-01 17:02:36 Latest version is 1.8.10
2025-05-01 17:02:36 App is up to date.
2025-05-01 18:02:31 Checking for update using Github
2025-05-01 18:02:36 Success.
2025-05-01 18:02:36 Latest version is 1.8.10
2025-05-01 18:02:36 App is up to date.
2025-05-01 19:02:31 Checking for update using Github
2025-05-01 19:02:36 Success.
2025-05-01 19:02:36 Latest version is 1.8.10
2025-05-01 19:02:36 App is up to date.
2025-05-01 19:12:13 Loading main app package /usr/lib/obsidian/obsidian.asar
2025-05-01 19:12:13 Checking for update using Github
2025-05-01 19:14:03 Loading main app package /usr/lib/obsidian/obsidian.asar
2025-05-01 19:14:03 Checking for update using Github
2025-05-01 19:14:09 Success.
2025-05-01 19:14:09 Latest version is 1.8.10
2025-05-01 19:14:09 App is up to date.
2025-05-08 16:59:18 Loading main app package /usr/lib/obsidian/obsidian.asar
2025-05-08 16:59:22 Checking for update using Github
2025-05-08 16:59:29 Success.
2025-05-08 16:59:29 Latest version is 1.8.10
2025-05-08 16:59:29 App is up to date.
2025-05-09 12:22:12 Loading main app package /usr/lib/obsidian/obsidian.asar
2025-05-09 12:22:15 Checking for update using Github
2025-05-09 12:22:21 Success.
2025-05-09 12:22:21 Latest version is 1.8.10
2025-05-09 12:22:21 App is up to date.
2025-05-09 13:22:12 Checking for update using Github
2025-05-09 13:22:17 Success.
2025-05-09 13:22:17 Latest version is 1.8.10
2025-05-09 13:22:17 App is up to date.
2025-05-09 14:22:12 Checking for update using Github
2025-05-09 14:22:17 Success.
2025-05-09 14:22:17 Latest version is 1.8.10
2025-05-09 14:22:17 App is up to date.
2025-05-09 15:22:12 Checking for update using Github
2025-05-09 15:22:17 Success.
2025-05-09 15:22:17 Latest version is 1.8.10
2025-05-09 15:22:17 App is up to date.
2025-05-09 16:22:12 Checking for update using Github
2025-05-09 16:22:17 Success.
2025-05-09 16:22:17 Latest version is 1.8.10
2025-05-09 16:22:17 App is up to date.
2025-05-09 17:22:12 Checking for update using Github
2025-05-09 17:22:17 Success.
2025-05-09 17:22:17 Latest version is 1.8.10
2025-05-09 17:22:17 App is up to date.
2025-05-09 18:22:12 Checking for update using Github
2025-05-09 18:22:17 Success.
2025-05-09 18:22:17 Latest version is 1.8.10
2025-05-09 18:22:17 App is up to date.
